0.011075
0.008757
0.009713
0.017477
0.018225
0.013776
0.014479
0.013962
0.020015
0.024218
0.011873
0.010340
0.008821
0.007466
0.012412
0.156478
0.157791
0.162546
0.179860
0.183774
0.025111
0.043086
0.045240
0.044854
0.080344
0.014059
0.017978
0.030347
0.030394
0.033201
0.022636
0.042808
0.047354
0.038345
0.039315
0.059953
0.062372
0.076154
0.075528
0.076797
0.070293
0.074979
0.078421
0.080957
0.088430
0.016990
0.017770
0.017598
0.026216
0.028542
0.096230
0.115486
0.120985
0.120028
0.121646
0.009885
0.012765
0.012143
0.015287
0.024720
0.021133
0.024776
0.040492
0.040349
0.040614
0.151276
0.169485
0.216593
0.203133
0.250889
0.010181
0.010168
0.017466
0.026518
0.026220
0.014511
0.013706
0.015920
0.024421
0.028513
0.015679
0.045379
0.048794
0.050532
0.052059
0.031266
0.059537
0.061776
0.063186
0.064513
0.016110
0.018246
0.035382
0.037804
0.037381
0.008688
0.009812
0.009409
0.012930
0.024775
0.006368
0.005272
0.007399
0.021938
0.023282
0.058475
0.060579
0.057998
0.061946
0.067196
0.138336
0.147311
0.154529
0.222597
0.164789
0.019483
0.033754
0.047955
0.049974
0.049497
0.011622
0.037641
0.045834
0.047277
0.048037
0.016868
0.016059
0.038541
0.041399
0.042295
0.118509
0.120358
0.126670
0.131657
0.132375
0.039089
0.045684
0.054925
0.055172
0.055914
0.017102
0.044927
0.052466
0.058671
0.060116
0.019349
0.041443
0.057446
0.061516
0.053957
0.049944
0.105075
0.115057
0.220636
0.224435
0.018700
0.008902
0.012310
0.038972
0.056444
0.095470
0.100579
0.094482
0.098283
0.170938
0.012122
0.011833
0.039403
0.045427
0.045011
0.028894
0.027117
0.027249
0.043614
0.058634
0.039126
0.066730
0.067535
0.098626
0.073064
0.007654
0.014005
0.008389
0.028926
0.028575
0.042120
0.060042
0.070034
0.072440
0.061990
0.016724
0.033834
0.039287
0.046797
0.046638
0.006791
0.007051
0.017816
0.032649
0.033527
0.007032
0.007829
0.006959
0.008979
0.008776
0.006026
0.005402
0.005428
0.006373
0.021266
0.010873
0.012656
0.010617
0.010530
0.024089
0.015021
0.030246
0.051925
0.052593
0.052881
0.013342
0.065528
0.055782
0.056098
0.057095
0.034155
0.061575
0.076035
0.082219
0.076987
0.048342
0.044139
0.081375
0.082121
0.076859
0.026071
0.021669
0.039196
0.049630
0.053879
0.038890
0.077229
0.091910
0.087013
0.090554
0.014151
0.013237
0.025452
0.047381
0.044266
0.098324
0.101532
0.144174
0.162375
0.138797
0.006850
0.007296
0.006299
0.008021
0.022763
0.013198
0.012017
0.023648
0.048011
0.049345
0.030001
0.079263
0.078786
0.083174
0.085747
0.007060
0.005877
0.006300
0.005961
0.019876
0.100621
0.129920
0.138262
0.140300
0.148700
0.028211
0.039590
0.082840
0.069090
0.072582
0.067751
0.105654
0.108264
0.118557
0.128913
0.039362
0.036375
0.074258
0.080039
0.162194
0.293411
0.310402
0.310200
0.276390
0.274567
0.112243
0.133249
0.129774
0.135929
0.133906
0.008491
0.008366
0.038503
0.072903
0.061040
0.011738
0.010853
0.026511
0.047747
0.046788
0.219977
0.222732
0.258736
0.250377
0.269223
0.021694
0.021365
0.038882
0.058637
0.070164
0.060915
0.120851
0.224289
0.148448
0.150813
0.213574
0.221264
0.197529
0.253760
0.223274
0.031670
0.073680
0.089753
0.094840
0.093178
0.031147
0.021636
0.024558
0.026816
0.042019
0.019694
0.042118
0.079202
0.181168
0.152908
0.024753
0.090949
0.079650
0.083162
0.081147
0.056767
0.130117
0.130761
0.154995
0.134684
0.010055
0.015370
0.064739
0.068351
0.068671
0.155558
0.196856
0.189438
0.195322
0.219985
0.092154
0.156799
0.208571
0.177793
0.168472
0.014991
0.067936
0.086574
0.078446
0.186697
0.236350
0.219407
0.265141
0.299794
0.277303
0.116266
0.210621
0.192407
0.189991
0.190241
0.018552
0.018896
0.076559
0.081389
0.078705
0.201214
0.249428
0.282679
0.301597
0.343393
0.031609
0.054456
0.074844
0.090902
0.083697
0.008519
0.007700
0.012032
0.054244
0.055085
0.140376
0.180937
0.203467
0.202295
0.222506
0.013425
0.011387
0.031370
0.061907
0.059627
0.021214
0.094301
0.108552
0.109691
0.119704
0.009305
0.011055
0.011121
0.010515
0.041402
0.040276
0.137423
0.116445
0.113795
0.116341
0.439244
0.537851
0.683866
0.695905
0.771067
0.017292
0.015747
0.043718
0.081721
0.075757
0.011017
0.078091
0.139955
0.099387
0.100276
0.013330
0.031806
0.091906
0.093574
0.096194
0.012047
0.012671
0.012560
0.023721
0.046857
0.016522
0.016112
0.015915
0.015721
0.020265
0.011265
0.011040
0.011630
0.048400
0.057620
0.109310
0.137698
0.163904
0.163421
0.165676
0.006171
0.005706
0.010914
0.054062
0.055857
0.022599
0.022650
0.044007
0.075100
0.076486
0.012140
0.012421
0.013180
0.013211
0.044821
0.012631
0.011969
0.032506
0.062842
0.063515
